<?xml version="1.0" encoding="UTF-8"?>
<testsuite name="com.latitude.EfficientStockPriceTest" tests="1" skipped="0" failures="0" errors="0" timestamp="2019-01-24T10:36:30" hostname="Ankitas-MBP" time="0.003">
  <properties/>
  <testcase name="contextLoads" classname="com.latitude.EfficientStockPriceTest" time="0.003"/>
  <system-out><![CDATA[2019-01-24 21:36:28.753  INFO 28930 --- [    Test worker] .b.t.c.SpringBootTestContextBootstrapper : Neither @ContextConfiguration nor @ContextHierarchy found for test class [com.latitude.EfficientStockPriceTest], using SpringBootContextLoader
2019-01-24 21:36:28.753  INFO 28930 --- [    Test worker] o.s.t.c.support.AbstractContextLoader    : Could not detect default resource locations for test class [com.latitude.EfficientStockPriceTest]: no resource found for suffixes {-context.xml, Context.groovy}.
2019-01-24 21:36:28.754  INFO 28930 --- [    Test worker] t.c.s.AnnotationConfigContextLoaderUtils : Could not detect default configuration classes for test class [com.latitude.EfficientStockPriceTest]: EfficientStockPriceTest does not declare any static, non-private, non-final, nested classes annotated with @Configuration.
2019-01-24 21:36:28.760  INFO 28930 --- [    Test worker] .b.t.c.SpringBootTestContextBootstrapper : Found @SpringBootConfiguration com.latitude.EfficientStockPrice for test class com.latitude.EfficientStockPriceTest
2019-01-24 21:36:28.762  INFO 28930 --- [    Test worker] .b.t.c.SpringBootTestContextBootstrapper : Loaded default TestExecutionListener class names from location [META-INF/spring.factories]: [org.springframework.boot.test.autoconfigure.restdocs.RestDocsTestExecutionListener, org.springframework.boot.test.autoconfigure.web.client.MockRestServiceServerResetTestExecutionListener, org.springframework.boot.test.autoconfigure.web.servlet.MockMvcPrintOnlyOnFailureTestExecutionListener, org.springframework.boot.test.autoconfigure.web.servlet.WebDriverTestExecutionListener, org.springframework.boot.test.mock.mockito.MockitoTestExecutionListener, org.springframework.boot.test.mock.mockito.ResetMocksTestExecutionListener, org.springframework.test.context.web.ServletTestExecutionListener, org.springframework.test.context.support.DirtiesContextBeforeModesTestExecutionListener, org.springframework.test.context.support.DependencyInjectionTestExecutionListener, org.springframework.test.context.support.DirtiesContextTestExecutionListener, org.springframework.test.context.transaction.TransactionalTestExecutionListener, org.springframework.test.context.jdbc.SqlScriptsTestExecutionListener]
2019-01-24 21:36:28.765  INFO 28930 --- [    Test worker] .b.t.c.SpringBootTestContextBootstrapper : Using TestExecutionListeners: [org.springframework.test.context.web.ServletTestExecutionListener@1789f5d7, org.springframework.test.context.support.DirtiesContextBeforeModesTestExecutionListener@5d864ea7, org.springframework.boot.test.autoconfigure.SpringBootDependencyInjectionTestExecutionListener@6613d44f, org.springframework.test.context.support.DirtiesContextTestExecutionListener@79c442f4, org.springframework.boot.test.autoconfigure.restdocs.RestDocsTestExecutionListener@21bb3756, org.springframework.boot.test.autoconfigure.web.client.MockRestServiceServerResetTestExecutionListener@4ea7a6b0, org.springframework.boot.test.autoconfigure.web.servlet.MockMvcPrintOnlyOnFailureTestExecutionListener@36eeb287, org.springframework.boot.test.autoconfigure.web.servlet.WebDriverTestExecutionListener@6de6954c, org.springframework.boot.test.mock.mockito.MockitoTestExecutionListener@159f1e21, org.springframework.boot.test.mock.mockito.ResetMocksTestExecutionListener@667ea804]

  .   ____          _            __ _ _
 /\\ / ___'_ __ _ _(_)_ __  __ _ \ \ \ \
( ( )\___ | '_ | '_| | '_ \/ _` | \ \ \ \
 \\/  ___)| |_)| | | | | || (_| |  ) ) ) )
  '  |____| .__|_| |_|_| |_\__, | / / / /
 =========|_|==============|___/=/_/_/_/
 :: Spring Boot ::       (v1.5.10.RELEASE)

2019-01-24 21:36:28.807  INFO 28930 --- [    Test worker] com.latitude.EfficientStockPriceTest     : Starting EfficientStockPriceTest on Ankitas-MBP with PID 28930 (started by ankitamadan in /Users/ankitamadan/personal/gradle-stock-price)
2019-01-24 21:36:28.808  INFO 28930 --- [    Test worker] com.latitude.EfficientStockPriceTest     : No active profile set, falling back to default profiles: default
2019-01-24 21:36:28.810  INFO 28930 --- [    Test worker] o.s.w.c.s.GenericWebApplicationContext   : Refreshing org.springframework.web.context.support.GenericWebApplicationContext@55a796f9: startup date [Thu Jan 24 21:36:28 AEDT 2019]; root of context hierarchy
2019-01-24 21:36:29.649  INFO 28930 --- [    Test worker] s.w.s.m.m.a.RequestMappingHandlerMapping : Mapped "{[/maximumStockPrice],methods=[POST]}" onto public org.springframework.http.ResponseEntity<java.lang.Integer> com.latitude.controller.StockPriceController.getMaxStockPrice(java.lang.Integer[]) throws com.latitude.exception.InvalidNumberOfStockPriceException,com.latitude.exception.InvalidStockPricesException
2019-01-24 21:36:29.656  INFO 28930 --- [    Test worker] s.w.s.m.m.a.RequestMappingHandlerMapping : Mapped "{[/swagger-resources/configuration/security]}" onto public org.springframework.http.ResponseEntity<springfox.documentation.swagger.web.SecurityConfiguration> springfox.documentation.swagger.web.ApiResourceController.securityConfiguration()
2019-01-24 21:36:29.657  INFO 28930 --- [    Test worker] s.w.s.m.m.a.RequestMappingHandlerMapping : Mapped "{[/swagger-resources/configuration/ui]}" onto public org.springframework.http.ResponseEntity<springfox.documentation.swagger.web.UiConfiguration> springfox.documentation.swagger.web.ApiResourceController.uiConfiguration()
2019-01-24 21:36:29.658  INFO 28930 --- [    Test worker] s.w.s.m.m.a.RequestMappingHandlerMapping : Mapped "{[/swagger-resources]}" onto public org.springframework.http.ResponseEntity<java.util.List<springfox.documentation.swagger.web.SwaggerResource>> springfox.documentation.swagger.web.ApiResourceController.swaggerResources()
2019-01-24 21:36:29.660  INFO 28930 --- [    Test worker] s.w.s.m.m.a.RequestMappingHandlerMapping : Mapped "{[/error]}" onto public org.springframework.http.ResponseEntity<java.util.Map<java.lang.String, java.lang.Object>> org.springframework.boot.autoconfigure.web.BasicErrorController.error(javax.servlet.http.HttpServletRequest)
2019-01-24 21:36:29.661  INFO 28930 --- [    Test worker] s.w.s.m.m.a.RequestMappingHandlerMapping : Mapped "{[/error],produces=[text/html]}" onto public org.springframework.web.servlet.ModelAndView org.springframework.boot.autoconfigure.web.BasicErrorController.errorHtml(javax.servlet.http.HttpServletRequest,javax.servlet.http.HttpServletResponse)
2019-01-24 21:36:29.946  INFO 28930 --- [    Test worker] pertySourcedRequestMappingHandlerMapping : Mapped URL path [/v2/api-docs] onto method [public org.springframework.http.ResponseEntity<springfox.documentation.spring.web.json.Json> springfox.documentation.swagger2.web.Swagger2Controller.getDocumentation(java.lang.String,javax.servlet.http.HttpServletRequest)]
2019-01-24 21:36:30.203  INFO 28930 --- [    Test worker] s.w.s.m.m.a.RequestMappingHandlerAdapter : Looking for @ControllerAdvice: org.springframework.web.context.support.GenericWebApplicationContext@55a796f9: startup date [Thu Jan 24 21:36:28 AEDT 2019]; root of context hierarchy
2019-01-24 21:36:30.228  INFO 28930 --- [    Test worker] o.s.w.s.handler.SimpleUrlHandlerMapping  : Mapped URL path [/webjars/**] onto handler of type [class org.springframework.web.servlet.resource.ResourceHttpRequestHandler]
2019-01-24 21:36:30.229  INFO 28930 --- [    Test worker] o.s.w.s.handler.SimpleUrlHandlerMapping  : Mapped URL path [/**] onto handler of type [class org.springframework.web.servlet.resource.ResourceHttpRequestHandler]
2019-01-24 21:36:30.240  INFO 28930 --- [    Test worker] .m.m.a.ExceptionHandlerExceptionResolver : Detected @ExceptionHandler methods in globalExceptionHandler
2019-01-24 21:36:30.254  INFO 28930 --- [    Test worker] o.s.w.s.handler.SimpleUrlHandlerMapping  : Mapped URL path [/**/favicon.ico] onto handler of type [class org.springframework.web.servlet.resource.ResourceHttpRequestHandler]
2019-01-24 21:36:30.393  INFO 28930 --- [    Test worker] o.s.c.support.DefaultLifecycleProcessor  : Starting beans in phase 2147483647
2019-01-24 21:36:30.395  INFO 28930 --- [    Test worker] d.s.w.p.DocumentationPluginsBootstrapper : Context refreshed
2019-01-24 21:36:30.419  INFO 28930 --- [    Test worker] d.s.w.p.DocumentationPluginsBootstrapper : Found 1 custom documentation plugin(s)
2019-01-24 21:36:30.458  INFO 28930 --- [    Test worker] s.d.s.w.s.ApiListingReferenceScanner     : Scanning for api listing references
2019-01-24 21:36:30.664  INFO 28930 --- [    Test worker] com.latitude.EfficientStockPriceTest     : Started EfficientStockPriceTest in 1.892 seconds (JVM running for 5.438)
]]></system-out>
  <system-err><![CDATA[]]></system-err>
</testsuite>
